		MENU

Escolha uma das opções:
1. Cadastro 
2. Visualização
3. Vendas 
4. Sair
Digite o que deseja cadastrar: 
1.Fornecedor 
2.Produto
Digite a quantidade de produtos a serem cadastrados
Digite o código, preço, armazenamento, nome do produto, o tipo, o fornecedor do produto:

 321312102 10.990000 2

Digite o código, preço, armazenamento, nome do produto, o tipo, o fornecedor do produto:

 3453332112 12.900000 1

Digite o código, preço, armazenamento, nome do produto, o tipo, o fornecedor do produto:

 1238923423427 15.990000 1

Digite o código, preço, armazenamento, nome do produto, o tipo, o fornecedor do produto:

 1233511242112 27.900000 2

Digite o código, preço, armazenamento, nome do produto, o tipo, o fornecedor do produto:

 12389241247 6.990000 1

Digite o código, preço, armazenamento, nome do produto, o tipo, o fornecedor do produto:

 12331213551 5.900000 3

Digite o código, preço, armazenamento, nome do produto, o tipo, o fornecedor do produto:

 1238927213213 7.990000 1

Digite o código, preço, armazenamento, nome do produto, o tipo, o fornecedor do produto:

 12331221321321 19.900000 2

Digite o código, preço, armazenamento, nome do produto, o tipo, o fornecedor do produto:

 234534534238927 2.990000 1

Digite o código, preço, armazenamento, nome do produto, o tipo, o fornecedor do produto:

 1233312421412 27.900000 4

Digite o código, preço, armazenamento, nome do produto, o tipo, o fornecedor do produto:

 1233338927 15.990000 4

Digite o código, preço, armazenamento, nome do produto, o tipo, o fornecedor do produto:

 123131312 7.900000 4

Digite o código, preço, armazenamento, nome do produto, o tipo, o fornecedor do produto:

 12389331 3.990000 4
Total de Cadastros no estoque: 13.
 Voltando ao menu.

0x7fffd319a0700x7fffd319a070		MENU

Escolha uma das opções:
1. Cadastro 
2. Visualização
3. Vendas 
4. Sair
Deseja mesmo sair? S/N
0x7fffd319a070		MENU

Escolha uma das opções:
1. Cadastro 
2. Visualização
3. Vendas 
4. Sair
Deseja mesmo sair? S/N
